[debug] [2021-05-15T21:07:54.482Z] ----------------------------------------------------------------------
[debug] [2021-05-15T21:07:54.485Z] Command:       C:\Program Files\nodejs\node.exe C:\Users\Mery\AppData\Roaming\npm\node_modules\firebase-tools\lib\bin\firebase.js init
[debug] [2021-05-15T21:07:54.485Z] CLI Version:   9.8.0
[debug] [2021-05-15T21:07:54.485Z] Platform:      win32
[debug] [2021-05-15T21:07:54.485Z] Node Version:  v14.16.0
[debug] [2021-05-15T21:07:54.492Z] Time:          Sat May 15 2021 23:07:54 GMT+0200 (hora de verano de Europa central)
[debug] [2021-05-15T21:07:54.492Z] ----------------------------------------------------------------------
[debug] 
[debug] [2021-05-15T21:07:54.496Z] >>> [apiv2][query] GET https://firebase-public.firebaseio.com/cli.json [none]
[debug] [2021-05-15T21:07:54.519Z] > command requires scopes: ["email","openid","https://www.googleapis.com/auth/cloudplatformprojects.readonly","https://www.googleapis.com/auth/firebase","https://www.googleapis.com/auth/cloud-platform"]
[debug] [2021-05-15T21:07:54.520Z] > authorizing via signed-in user
[info] 
     ######## #### ########  ######## ########     ###     ######  ########
     ##        ##  ##     ## ##       ##     ##  ##   ##  ##       ##
     ######    ##  ########  ######   ########  #########  ######  ######
     ##        ##  ##    ##  ##       ##     ## ##     ##       ## ##
     ##       #### ##     ## ######## ########  ##     ##  ######  ########

You're about to initialize a Firebase project in this directory:

  C:\Users\Mery\Desktop\PFG-Survivor

Before we get started, keep in mind:

  * You are initializing in an existing Firebase project directory

[debug] [2021-05-15T21:07:54.993Z] <<< [apiv2][status] GET https://firebase-public.firebaseio.com/cli.json 200
[debug] [2021-05-15T21:07:54.993Z] <<< [apiv2][body] GET https://firebase-public.firebaseio.com/cli.json {"cloudBuildErrorAfter":1594252800000,"cloudBuildWarnAfter":1590019200000,"defaultNode10After":1594252800000,"minVersion":"3.0.5","node8DeploysDisabledAfter":1613390400000,"node8RuntimeDisabledAfter":1615809600000,"node8WarnAfter":1600128000000}
[info] 
=== Project Setup
[info] 
[info] First, let's associate this project directory with a Firebase project.
[info] You can create multiple project aliases by running firebase use --add, 
[info] but for now we'll just set up a default project.
[info] 
[info] i  .firebaserc already has a default project, using pfg-survivor. 
[debug] [2021-05-15T21:08:23.065Z] > refreshing access token with scopes: []
[debug] [2021-05-15T21:08:23.066Z] >>> HTTP REQUEST POST https://www.googleapis.com/oauth2/v3/token  
 <request body omitted>
[debug] [2021-05-15T21:08:23.197Z] <<< HTTP RESPONSE 200 {"cache-control":"no-cache, no-store, max-age=0, must-revalidate","date":"Sat, 15 May 2021 21:08:23 GMT","expires":"Mon, 01 Jan 1990 00:00:00 GMT","pragma":"no-cache","content-type":"application/json; charset=utf-8","vary":"X-Origin, Referer, Origin,Accept-Encoding","server":"scaffolding on HTTPServer2","x-xss-protection":"0","x-frame-options":"SAMEORIGIN","x-content-type-options":"nosniff","alt-svc":"h3-29=\":443\"; ma=2592000,h3-T051=\":443\"; ma=2592000,h3-Q050=\":443\"; ma=2592000,h3-Q046=\":443\"; ma=2592000,h3-Q043=\":443\"; ma=2592000,quic=\":443\"; ma=2592000; v=\"46,43\"","accept-ranges":"none","transfer-encoding":"chunked"}
[debug] [2021-05-15T21:08:23.204Z] >>> [apiv2][query] GET https://firebase.googleapis.com/v1beta1/projects/pfg-survivor [none]
[debug] [2021-05-15T21:08:23.438Z] <<< [apiv2][status] GET https://firebase.googleapis.com/v1beta1/projects/pfg-survivor 200
[debug] [2021-05-15T21:08:23.438Z] <<< [apiv2][body] GET https://firebase.googleapis.com/v1beta1/projects/pfg-survivor {"projectId":"pfg-survivor","projectNumber":"206445202124","displayName":"PFG-Survivor","name":"projects/pfg-survivor","resources":{"hostingSite":"pfg-survivor","realtimeDatabaseInstance":"pfg-survivor-default-rtdb","storageBucket":"pfg-survivor.appspot.com","locationId":"europe-west"},"state":"ACTIVE"}
[info] 
=== Firestore Setup
[debug] [2021-05-15T21:08:23.443Z] > refreshing access token with scopes: ["email","https://www.googleapis.com/auth/cloud-platform","https://www.googleapis.com/auth/cloudplatformprojects.readonly","https://www.googleapis.com/auth/firebase","openid"]
[debug] [2021-05-15T21:08:23.444Z] >>> HTTP REQUEST POST https://www.googleapis.com/oauth2/v3/token  
 <request body omitted>
[debug] [2021-05-15T21:08:23.531Z] <<< HTTP RESPONSE 200 {"pragma":"no-cache","date":"Sat, 15 May 2021 21:08:23 GMT","cache-control":"no-cache, no-store, max-age=0, must-revalidate","expires":"Mon, 01 Jan 1990 00:00:00 GMT","content-type":"application/json; charset=utf-8","vary":"X-Origin, Referer, Origin,Accept-Encoding","server":"scaffolding on HTTPServer2","x-xss-protection":"0","x-frame-options":"SAMEORIGIN","x-content-type-options":"nosniff","alt-svc":"h3-29=\":443\"; ma=2592000,h3-T051=\":443\"; ma=2592000,h3-Q050=\":443\"; ma=2592000,h3-Q046=\":443\"; ma=2592000,h3-Q043=\":443\"; ma=2592000,quic=\":443\"; ma=2592000; v=\"46,43\"","accept-ranges":"none","transfer-encoding":"chunked"}
[debug] [2021-05-15T21:08:23.549Z] >>> HTTP REQUEST GET https://serviceusage.googleapis.com/v1/projects/pfg-survivor/services/firestore.googleapis.com  
 
[debug] [2021-05-15T21:08:24.467Z] <<< HTTP RESPONSE 200 {"content-type":"application/json; charset=UTF-8","vary":"X-Origin, Referer, Origin,Accept-Encoding","date":"Sat, 15 May 2021 21:08:24 GMT","server":"ESF","cache-control":"private","x-xss-protection":"0","x-frame-options":"SAMEORIGIN","x-content-type-options":"nosniff","alt-svc":"h3-29=\":443\"; ma=2592000,h3-T051=\":443\"; ma=2592000,h3-Q050=\":443\"; ma=2592000,h3-Q046=\":443\"; ma=2592000,h3-Q043=\":443\"; ma=2592000,quic=\":443\"; ma=2592000; v=\"46,43\"","accept-ranges":"none","transfer-encoding":"chunked"}
[debug] [2021-05-15T21:08:24.470Z] >>> HTTP REQUEST GET https://appengine.googleapis.com/v1/apps/pfg-survivor  
 
[debug] [2021-05-15T21:08:24.776Z] <<< HTTP RESPONSE 200 {"content-type":"application/json; charset=UTF-8","vary":"X-Origin, Referer, Origin,Accept-Encoding","date":"Sat, 15 May 2021 21:08:24 GMT","server":"ESF","cache-control":"private","x-xss-protection":"0","x-frame-options":"SAMEORIGIN","x-content-type-options":"nosniff","alt-svc":"h3-29=\":443\"; ma=2592000,h3-T051=\":443\"; ma=2592000,h3-Q050=\":443\"; ma=2592000,h3-Q046=\":443\"; ma=2592000,h3-Q043=\":443\"; ma=2592000,quic=\":443\"; ma=2592000; v=\"46,43\"","accept-ranges":"none","transfer-encoding":"chunked"}
[debug] [2021-05-15T21:08:24.777Z] database_type: CLOUD_FIRESTORE
[debug] [2021-05-15T21:08:24.778Z] > command requires scopes: ["email","openid","https://www.googleapis.com/auth/cloudplatformprojects.readonly","https://www.googleapis.com/auth/firebase","https://www.googleapis.com/auth/cloud-platform"]
[debug] [2021-05-15T21:08:24.780Z] > authorizing via signed-in user
[debug] [2021-05-15T21:08:24.780Z] [iam] checking project pfg-survivor for permissions ["firebase.projects.get"]
[debug] [2021-05-15T21:08:24.781Z] >>> HTTP REQUEST POST https://cloudresourcemanager.googleapis.com/v1/projects/pfg-survivor:testIamPermissions  
 {"permissions":["firebase.projects.get"]}
[debug] [2021-05-15T21:08:25.491Z] <<< HTTP RESPONSE 200 {"content-type":"application/json; charset=UTF-8","vary":"X-Origin, Referer, Origin,Accept-Encoding","date":"Sat, 15 May 2021 21:08:25 GMT","server":"ESF","cache-control":"private","x-xss-protection":"0","x-frame-options":"SAMEORIGIN","x-content-type-options":"nosniff","server-timing":"gfet4t7; dur=633","alt-svc":"h3-29=\":443\"; ma=2592000,h3-T051=\":443\"; ma=2592000,h3-Q050=\":443\"; ma=2592000,h3-Q046=\":443\"; ma=2592000,h3-Q043=\":443\"; ma=2592000,quic=\":443\"; ma=2592000; v=\"46,43\"","accept-ranges":"none","transfer-encoding":"chunked"}
[info] 
[info] Firestore Security Rules allow you to define how and when to allow
[info] requests. You can keep these rules in your project directory
[info] and publish them with firebase deploy.
[info] 
[info] 
[info] Firestore indexes allow you to perform complex queries while
[info] maintaining performance that scales with the size of the result
[info] set. You can keep index definitions in your project directory
[info] and publish them with firebase deploy.
[info] 
[info] 
=== Hosting Setup
[info] 
[info] Your public directory is the folder (relative to your project directory) that
[info] will contain Hosting assets to be uploaded with firebase deploy. If you
[info] have a build process for your assets, use your build's output directory.
[info] 
